\BOOKMARK [1][-]{section.1}{\376\377\000I\000N\000T\000R\000O\000D\000U\000C\000T\000I\000O\000N}{}% 1
\BOOKMARK [1][-]{section.2}{\376\377\000B\000A\000C\000K\000G\000R\000O\000U\000N\000D}{}% 2
\BOOKMARK [2][-]{subsection.2.1}{\376\377\000H\000i\000s\000t\000o\000r\000y\000\040\000o\000f\000\040\000B\000a\000r\000c\000o\000d\000e\000\040\000T\000e\000c\000h\000n\000o\000l\000o\000g\000y}{section.2}% 3
\BOOKMARK [2][-]{subsection.2.2}{\376\377\000E\000v\000o\000l\000u\000t\000i\000o\000n\000\040\000o\000f\000\040\000M\000o\000b\000i\000l\000e\000\040\000D\000e\000v\000i\000c\000e\000s\000\040\000a\000n\000d\000\040\000B\000a\000r\000c\000o\000d\000e\000\040\000S\000c\000a\000n\000n\000i\000n\000g\000\040\000A\000p\000p\000l\000i\000c\000a\000t\000i\000o\000n\000s}{section.2}% 4
\BOOKMARK [2][-]{subsection.2.3}{\376\377\000R\000e\000l\000e\000v\000a\000n\000c\000e\000\040\000o\000f\000\040\000P\000r\000i\000c\000e\000\040\000C\000o\000m\000p\000a\000r\000i\000s\000o\000n\000\040\000i\000n\000\040\000T\000h\000e\000\040\000R\000e\000t\000a\000i\000l\000\040\000I\000n\000d\000u\000s\000t\000r\000y}{section.2}% 5
\BOOKMARK [1][-]{section.3}{\376\377\000A\000N\000A\000L\000Y\000S\000I\000S\000\040\000O\000F\000\040\000P\000U\000R\000P\000O\000S\000E\000-\000R\000E\000L\000A\000T\000E\000D\000\040\000S\000O\000F\000T\000W\000A\000R\000E}{}% 6
\BOOKMARK [2][-]{subsection.3.1}{\376\377\000P\000r\000i\000c\000e\000G\000r\000a\000b\000b\000e\000r\000.\000c\000o\000m}{section.3}% 7
\BOOKMARK [2][-]{subsection.3.2}{\376\377\000G\000o\000o\000g\000l\000e\000\040\000S\000h\000o\000p\000p\000i\000n\000g}{section.3}% 8
\BOOKMARK [2][-]{subsection.3.3}{\376\377\000R\000e\000d\000L\000a\000s\000e\000r}{section.3}% 9
\BOOKMARK [2][-]{subsection.3.4}{\376\377\000P\000r\000i\000c\000e\000R\000u\000n\000n\000e\000r}{section.3}% 10
\BOOKMARK [2][-]{subsection.3.5}{\376\377\000S\000h\000o\000p\000S\000a\000v\000v\000y}{section.3}% 11
\BOOKMARK [2][-]{subsection.3.6}{\376\377\000A\000r\000u\000k\000e\000r\000e\000s\000o\000.\000h\000u}{section.3}% 12
\BOOKMARK [2][-]{subsection.3.7}{\376\377\000C\000a\000s\000h\000m\000a\000p\000.\000h\000u}{section.3}% 13
\BOOKMARK [2][-]{subsection.3.8}{\376\377\000C\000o\000n\000c\000l\000u\000s\000i\000o\000n}{section.3}% 14
\BOOKMARK [1][-]{section.4}{\376\377\000V\000I\000S\000I\000O\000N}{}% 15
\BOOKMARK [2][-]{subsection.4.1}{\376\377\000I\000n\000t\000r\000o\000d\000u\000c\000t\000i\000o\000n}{section.4}% 16
\BOOKMARK [3][-]{subsubsection.4.1.1}{\376\377\000P\000u\000r\000p\000o\000s\000e}{subsection.4.1}% 17
\BOOKMARK [3][-]{subsubsection.4.1.2}{\376\377\000S\000c\000o\000p\000e}{subsection.4.1}% 18
\BOOKMARK [2][-]{subsection.4.2}{\376\377\000P\000o\000s\000i\000t\000i\000o\000n\000i\000n\000g}{section.4}% 19
\BOOKMARK [3][-]{subsubsection.4.2.1}{\376\377\000B\000u\000s\000i\000n\000e\000s\000s\000\040\000O\000p\000p\000o\000r\000t\000u\000n\000i\000t\000y}{subsection.4.2}% 20
\BOOKMARK [3][-]{subsubsection.4.2.2}{\376\377\000P\000r\000o\000b\000l\000e\000m\000\040\000S\000t\000a\000t\000e\000m\000e\000n\000t}{subsection.4.2}% 21
\BOOKMARK [3][-]{subsubsection.4.2.3}{\376\377\000P\000r\000o\000d\000u\000c\000t\000\040\000P\000o\000s\000i\000t\000i\000o\000n\000\040\000S\000t\000a\000t\000e\000m\000e\000n\000t}{subsection.4.2}% 22
\BOOKMARK [2][-]{subsection.4.3}{\376\377\000M\000a\000r\000k\000e\000t\000\040\000A\000n\000a\000l\000y\000s\000i\000s}{section.4}% 23
\BOOKMARK [3][-]{subsubsection.4.3.1}{\376\377\000M\000a\000r\000k\000e\000t\000\040\000D\000e\000m\000o\000g\000r\000a\000p\000h\000i\000c\000s}{subsection.4.3}% 24
\BOOKMARK [3][-]{subsubsection.4.3.2}{\376\377\000P\000o\000r\000t\000e\000r\000'\000s\000\040\000F\000i\000v\000e\000\040\000F\000o\000r\000c\000e\000s\000\040\000A\000n\000a\000l\000y\000s\000i\000s}{subsection.4.3}% 25
\BOOKMARK [3][-]{subsubsection.4.3.3}{\376\377\000P\000E\000S\000T\000\040\000A\000n\000a\000l\000y\000s\000i\000s}{subsection.4.3}% 26
\BOOKMARK [3][-]{subsubsection.4.3.4}{\376\377\000A\000n\000s\000o\000f\000f\000\040\000M\000a\000t\000r\000i\000x\000\040\000A\000n\000a\000l\000y\000s\000i\000s}{subsection.4.3}% 27
\BOOKMARK [2][-]{subsection.4.4}{\376\377\000S\000t\000a\000k\000e\000h\000o\000l\000d\000e\000r\000\040\000a\000n\000d\000\040\000U\000s\000e\000r\000\040\000D\000e\000s\000c\000r\000i\000p\000t\000i\000o\000n\000s}{section.4}% 28
\BOOKMARK [3][-]{subsubsection.4.4.1}{\376\377\000S\000t\000a\000k\000e\000h\000o\000l\000d\000e\000r\000\040\000S\000u\000m\000m\000a\000r\000y}{subsection.4.4}% 29
\BOOKMARK [3][-]{subsubsection.4.4.2}{\376\377\000U\000s\000e\000r\000\040\000S\000u\000m\000m\000a\000r\000y}{subsection.4.4}% 30
\BOOKMARK [3][-]{subsubsection.4.4.3}{\376\377\000U\000s\000e\000r\000\040\000E\000n\000v\000i\000r\000o\000n\000m\000e\000n\000t}{subsection.4.4}% 31
\BOOKMARK [2][-]{subsection.4.5}{\376\377\000P\000r\000o\000d\000u\000c\000t\000\040\000O\000v\000e\000r\000v\000i\000e\000w}{section.4}% 32
\BOOKMARK [3][-]{subsubsection.4.5.1}{\376\377\000P\000r\000o\000d\000u\000c\000t\000\040\000P\000e\000r\000s\000p\000e\000c\000t\000i\000v\000e}{subsection.4.5}% 33
\BOOKMARK [3][-]{subsubsection.4.5.2}{\376\377\000S\000u\000m\000m\000a\000r\000y\000\040\000o\000f\000\040\000C\000a\000p\000a\000b\000i\000l\000i\000t\000i\000e\000s}{subsection.4.5}% 34
\BOOKMARK [3][-]{subsubsection.4.5.3}{\376\377\000A\000s\000s\000u\000m\000p\000t\000i\000o\000n\000s\000\040\000a\000n\000d\000\040\000D\000e\000p\000e\000n\000d\000e\000n\000c\000i\000e\000s}{subsection.4.5}% 35
\BOOKMARK [3][-]{subsubsection.4.5.4}{\376\377\000S\000W\000O\000T\000\040\000A\000n\000a\000l\000y\000s\000i\000s}{subsection.4.5}% 36
\BOOKMARK [2][-]{subsection.4.6}{\376\377\000P\000r\000o\000d\000u\000c\000t\000\040\000F\000e\000a\000t\000u\000r\000e\000s}{section.4}% 37
\BOOKMARK [2][-]{subsection.4.7}{\376\377\000C\000o\000n\000s\000t\000r\000a\000i\000n\000t\000s}{section.4}% 38
\BOOKMARK [2][-]{subsection.4.8}{\376\377\000Q\000u\000a\000l\000i\000t\000y\000\040\000R\000a\000n\000g\000e\000s}{section.4}% 39
\BOOKMARK [2][-]{subsection.4.9}{\376\377\000D\000o\000c\000u\000m\000e\000n\000t\000a\000t\000i\000o\000n\000\040\000R\000e\000q\000u\000i\000r\000e\000m\000e\000n\000t\000s}{section.4}% 40
\BOOKMARK [1][-]{section.5}{\376\377\000S\000O\000F\000T\000W\000A\000R\000E\000\040\000P\000L\000A\000N}{}% 41
\BOOKMARK [2][-]{subsection.5.1}{\376\377\000A\000p\000p\000r\000o\000a\000c\000h}{section.5}% 42
\BOOKMARK [2][-]{subsection.5.2}{\376\377\000R\000i\000s\000k\000\040\000M\000a\000n\000a\000g\000e\000m\000e\000n\000t}{section.5}% 43
\BOOKMARK [2][-]{subsection.5.3}{\376\377\000S\000o\000f\000t\000w\000a\000r\000e\000\040\000S\000t\000r\000u\000c\000t\000u\000r\000e}{section.5}% 44
\BOOKMARK [2][-]{subsection.5.4}{\376\377\000U\000s\000e\000r\000\040\000I\000n\000t\000e\000r\000f\000a\000c\000e}{section.5}% 45
\BOOKMARK [2][-]{subsection.5.5}{\376\377\000T\000e\000c\000h\000n\000o\000l\000o\000g\000i\000c\000a\000l\000\040\000S\000t\000a\000c\000k}{section.5}% 46
\BOOKMARK [1][-]{section.6}{\376\377\000I\000M\000P\000L\000E\000M\000E\000N\000T\000A\000T\000I\000O\000N}{}% 47
\BOOKMARK [2][-]{subsection.6.1}{\376\377\000I\000n\000t\000r\000o\000d\000u\000c\000t\000i\000o\000n}{section.6}% 48
\BOOKMARK [2][-]{subsection.6.2}{\376\377\000D\000a\000t\000a\000b\000a\000s\000e}{section.6}% 49
\BOOKMARK [3][-]{subsubsection.6.2.1}{\376\377\000I\000n\000t\000r\000o\000d\000u\000c\000t\000i\000o\000n}{subsection.6.2}% 50
\BOOKMARK [3][-]{subsubsection.6.2.2}{\376\377\000D\000a\000t\000a\000b\000a\000s\000e\000\040\000S\000t\000r\000u\000c\000t\000u\000r\000e}{subsection.6.2}% 51
\BOOKMARK [2][-]{subsection.6.3}{\376\377\000A\000p\000p\000l\000i\000c\000a\000t\000i\000o\000n\000\040\000P\000r\000o\000g\000r\000a\000m\000m\000i\000n\000g\000\040\000I\000n\000t\000e\000r\000f\000a\000c\000e}{section.6}% 52
\BOOKMARK [3][-]{subsubsection.6.3.1}{\376\377\000I\000n\000t\000r\000o\000d\000u\000c\000t\000i\000o\000n}{subsection.6.3}% 53
\BOOKMARK [3][-]{subsubsection.6.3.2}{\376\377\000E\000n\000t\000r\000y\000\040\000P\000o\000i\000n\000t}{subsection.6.3}% 54
\BOOKMARK [3][-]{subsubsection.6.3.3}{\376\377\000C\000o\000n\000t\000r\000o\000l\000l\000e\000r}{subsection.6.3}% 55
\BOOKMARK [3][-]{subsubsection.6.3.4}{\376\377\000J\000W\000T\000\040\000A\000u\000t\000h\000e\000n\000t\000i\000c\000a\000t\000i\000o\000n}{subsection.6.3}% 56
\BOOKMARK [3][-]{subsubsection.6.3.5}{\376\377\000D\000a\000t\000a\000\040\000M\000o\000d\000e\000l\000s}{subsection.6.3}% 57
\BOOKMARK [3][-]{subsubsection.6.3.6}{\376\377\000W\000e\000b\000\040\000S\000c\000r\000a\000p\000i\000n\000g}{subsection.6.3}% 58
\BOOKMARK [3][-]{subsubsection.6.3.7}{\376\377\000O\000p\000e\000n\000A\000I\000\040\000P\000r\000o\000c\000e\000s\000s\000i\000n\000g}{subsection.6.3}% 59
\BOOKMARK [2][-]{subsection.6.4}{\376\377\000W\000e\000b\000\040\000A\000p\000p\000l\000i\000c\000a\000t\000i\000o\000n}{section.6}% 60
\BOOKMARK [3][-]{subsubsection.6.4.1}{\376\377\000I\000n\000t\000r\000o\000d\000u\000c\000t\000i\000o\000n}{subsection.6.4}% 61
\BOOKMARK [3][-]{subsubsection.6.4.2}{\376\377\000A\000r\000c\000h\000i\000t\000e\000c\000t\000u\000r\000e}{subsection.6.4}% 62
\BOOKMARK [2][-]{subsection.6.5}{\376\377\000M\000o\000b\000i\000l\000e\000\040\000A\000p\000p\000l\000i\000c\000a\000t\000i\000o\000n}{section.6}% 63
\BOOKMARK [1][-]{section.7}{\376\377\000B\000I\000B\000L\000I\000O\000G\000R\000A\000P\000H\000Y}{}% 64
\BOOKMARK [1][-]{section.8}{\376\377\000L\000I\000S\000T\000\040\000O\000F\000\040\000F\000I\000G\000U\000R\000E\000S}{}% 65
\BOOKMARK [1][-]{section.9}{\376\377\000L\000I\000S\000T\000\040\000O\000F\000\040\000T\000A\000B\000L\000E\000S}{}% 66
